<?xml version="1.0" encoding="UTF-8"?>
<!-- Generated by org.testng.reporters.JUnitReportReporter -->
<testsuite skipped="0" hostname="LIN39000467" name="com.orangehrm.qa.testcases.MaintanancePageTest" tests="1" failures="0" timestamp="26 Oct 2020 12:15:32 GMT" time="21.730" errors="0">
  <testcase name="emprecord" time="21.730" classname="com.orangehrm.qa.testcases.MaintanancePageTest"/>
</testsuite> <!-- com.orangehrm.qa.testcases.MaintanancePageTest -->
