<?xml version="1.0" encoding="UTF-8"?>
<!-- Generated by org.testng.reporters.JUnitReportReporter -->
<testsuite skipped="0" hostname="LIN39000467" name="com.orangehrm.qa.testcases.AdminPageTest" tests="1" failures="0" timestamp="26 Oct 2020 12:15:32 GMT" time="24.217" errors="0">
  <testcase name="adminaccess" time="24.217" classname="com.orangehrm.qa.testcases.AdminPageTest"/>
</testsuite> <!-- com.orangehrm.qa.testcases.AdminPageTest -->
